2024-04-13-Saturday 15:43:08
Processing 1 ...
Processing participant 1, 1072,1072,1,2
[0, 15, 35, 53, 70, 83, 103, 123, 138, 156, 171, 183, 203, 214, 234, 249, 264, 276, 292, 310, 327, 347, 360, 377, 397, 414, 433, 453, 473, 489, 507, 527, 547, 571, 598, 616, 646, 670, 694, 719, 747, 769, 783, 804, 825, 842, 862, 889, 919, 943, 970, 1000, 1019, 1044, 1072]
[0, 1072]
Processing 2 ...
Processing participant 2, 1743,1743,2,3
[0, 20, 27, 45, 52, 72, 78, 84, 91, 101, 109, 120, 134, 151, 160, 170, 183, 202, 222, 232, 241, 254, 270, 288, 293, 302, 316, 325, 338, 348, 376, 386, 409, 420, 430, 440, 449, 459, 467, 483, 499, 513, 523, 531, 538, 550, 565, 579, 596, 607, 615, 629, 641, 654, 671]
[0, 1072, 1743]
Processing 3 ...
Processing participant 3, 2715,2715,3,4
[0, 6, 16, 26, 33, 45, 63, 81, 99, 111, 127, 137, 153, 163, 180, 194, 214, 234, 243, 256, 268, 287, 302, 317, 332, 349, 369, 377, 390, 403, 419, 434, 447, 477, 494, 521, 547, 566, 596, 625, 647, 672, 690, 720, 750, 767, 787, 807, 820, 841, 863, 890, 918, 943, 972]
[0, 1072, 1743, 2715]
Processing 4 ...
Processing participant 4, 3528,3528,4,5
[0, 9, 24, 39, 55, 75, 90, 100, 112, 129, 146, 166, 180, 196, 207, 220, 237, 252, 267, 280, 288, 295, 308, 325, 338, 351, 359, 371, 377, 387, 440, 454, 472, 484, 492, 511, 529, 548, 563, 578, 591, 611, 621, 640, 659, 679, 688, 694, 711, 721, 743, 757, 787, 797, 813]
[0, 1072, 1743, 2715, 3528]
Processing 5 ...
Processing participant 5, 4460,4460,5,6
[0, 12, 27, 40, 58, 78, 90, 100, 120, 136, 144, 162, 175, 186, 202, 214, 232, 248, 266, 282, 301, 313, 331, 351, 371, 389, 408, 427, 447, 464, 513, 524, 538, 548, 558, 581, 604, 620, 632, 651, 681, 711, 727, 734, 744, 764, 783, 794, 809, 832, 857, 879, 898, 910, 932]
[0, 1072, 1743, 2715, 3528, 4460]
Processing 6 ...
Processing participant 6, 5328,5328,6,7
[0, 11, 25, 35, 43, 58, 74, 90, 110, 121, 131, 141, 153, 161, 175, 183, 191, 201, 214, 230, 244, 264, 281, 296, 306, 316, 328, 343, 357, 370, 391, 407, 430, 460, 480, 507, 527, 538, 558, 580, 603, 624, 633, 655, 677, 696, 706, 725, 743, 753, 772, 802, 827, 846, 868]
[0, 1072, 1743, 2715, 3528, 4460, 5328]
Processing 7 ...
Processing participant 7, 6418,6418,7,8
[0, 20, 35, 55, 68, 80, 100, 118, 134, 146, 162, 181, 201, 210, 230, 241, 252, 266, 286, 302, 318, 334, 351, 371, 391, 402, 409, 422, 431, 451, 486, 516, 540, 569, 599, 622, 648, 675, 705, 722, 740, 765, 783, 813, 843, 872, 902, 920, 950, 974, 1000, 1021, 1048, 1070, 1090]
[0, 1072, 1743, 2715, 3528, 4460, 5328, 6418]
Processing 8 ...
Processing participant 8, 7319,7319,8,9
[0, 20, 34, 54, 72, 92, 106, 119, 133, 145, 153, 161, 168, 184, 199, 217, 222, 230, 250, 258, 269, 283, 287, 295, 302, 308, 313, 324, 332, 349, 385, 400, 425, 447, 470, 497, 517, 541, 571, 581, 600, 628, 637, 660, 676, 705, 730, 745, 771, 800, 817, 839, 868, 886, 901]
[0, 1072, 1743, 2715, 3528, 4460, 5328, 6418, 7319]
Processing 10 ...
Processing participant 10, 8328,8328,9,10
[0, 20, 30, 40, 51, 71, 91, 101, 109, 125, 142, 162, 172, 190, 202, 222, 237, 257, 269, 281, 300, 313, 331, 348, 365, 385, 402, 418, 433, 448, 503, 525, 546, 561, 575, 603, 627, 657, 679, 704, 724, 751, 760, 771, 789, 809, 824, 845, 861, 891, 913, 941, 971, 1001, 1009]
[0, 1072, 1743, 2715, 3528, 4460, 5328, 6418, 7319, 8328]
Processing 12 ...
Processing participant 12, 9273,9273,10,11
[0, 16, 26, 37, 55, 75, 87, 105, 124, 139, 150, 165, 177, 191, 207, 221, 239, 251, 268, 285, 301, 319, 328, 345, 357, 377, 389, 404, 420, 430, 493, 521, 547, 561, 578, 608, 629, 645, 661, 682, 699, 717, 734, 754, 768, 786, 809, 834, 853, 872, 887, 901, 917, 936, 945]
[0, 1072, 1743, 2715, 3528, 4460, 5328, 6418, 7319, 8328, 9273]
Processing 13 ...
Processing participant 13, 10177,10177,11,12
[0, 6, 13, 24, 32, 52, 66, 81, 98, 110, 124, 139, 150, 168, 187, 200, 220, 239, 253, 268, 282, 296, 311, 328, 348, 358, 376, 394, 412, 428, 454, 484, 503, 529, 559, 573, 588, 602, 621, 639, 667, 685, 700, 719, 738, 752, 768, 782, 801, 815, 830, 849, 873, 892, 904]
[0, 1072, 1743, 2715, 3528, 4460, 5328, 6418, 7319, 8328, 9273, 10177]
Processing 14 ...
Processing participant 14, 11172,11172,12,13
[0, 17, 30, 43, 58, 78, 93, 111, 131, 146, 164, 184, 200, 219, 239, 258, 272, 291, 304, 324, 336, 348, 359, 379, 396, 413, 433, 447, 464, 484, 506, 530, 560, 583, 608, 631, 647, 661, 686, 705, 720, 750, 769, 785, 802, 827, 857, 871, 892, 910, 930, 955, 970, 984, 995]
[0, 1072, 1743, 2715, 3528, 4460, 5328, 6418, 7319, 8328, 9273, 10177, 11172]
Processing 16 ...
Processing participant 16, 12215,12215,13,14
[0, 17, 29, 41, 61, 75, 93, 109, 129, 149, 163, 180, 200, 212, 230, 245, 265, 284, 300, 314, 334, 354, 374, 394, 407, 422, 437, 457, 474, 492, 527, 557, 580, 591, 602, 632, 661, 679, 697, 727, 745, 775, 802, 817, 827, 853, 873, 885, 915, 930, 946, 976, 997, 1018, 1043]
[0, 1072, 1743, 2715, 3528, 4460, 5328, 6418, 7319, 8328, 9273, 10177, 11172, 12215]
Processing 17 ...
Processing participant 17, 13213,13213,14,15
[0, 12, 30, 39, 56, 76, 96, 114, 134, 151, 169, 189, 207, 227, 242, 260, 280, 296, 315, 330, 350, 370, 385, 402, 417, 434, 446, 466, 472, 492, 520, 550, 573, 593, 607, 629, 644, 666, 685, 708, 720, 731, 744, 768, 788, 809, 830, 848, 874, 890, 911, 941, 963, 983, 998]
[0, 1072, 1743, 2715, 3528, 4460, 5328, 6418, 7319, 8328, 9273, 10177, 11172, 12215, 13213]
Processing 18 ...
Processing participant 18, 14051,14051,15,16
[0, 17, 26, 37, 52, 72, 84, 97, 112, 128, 148, 161, 178, 197, 217, 231, 251, 266, 282, 302, 322, 340, 360, 371, 382, 398, 417, 437, 454, 474, 501, 513, 529, 539, 550, 567, 590, 604, 615, 629, 646, 657, 666, 684, 692, 704, 719, 734, 751, 778, 789, 808, 822, 829, 838]
[0, 1072, 1743, 2715, 3528, 4460, 5328, 6418, 7319, 8328, 9273, 10177, 11172, 12215, 13213, 14051]
Processing 21 ...
Processing participant 21, 15094,15094,16,17
[0, 6, 23, 30, 41, 61, 70, 88, 108, 128, 144, 158, 178, 194, 205, 220, 238, 255, 269, 284, 302, 322, 339, 359, 370, 390, 399, 409, 429, 445, 488, 508, 538, 557, 582, 596, 626, 656, 686, 701, 723, 749, 775, 802, 826, 856, 886, 896, 926, 946, 957, 976, 992, 1022, 1043]
[0, 1072, 1743, 2715, 3528, 4460, 5328, 6418, 7319, 8328, 9273, 10177, 11172, 12215, 13213, 14051, 15094]
Processing 22 ...
Processing participant 22, 15973,15973,17,18
[0, 19, 31, 37, 44, 58, 66, 73, 86, 100, 112, 125, 141, 161, 176, 189, 204, 217, 229, 246, 266, 276, 284, 293, 303, 319, 331, 342, 351, 367, 410, 426, 440, 453, 470, 495, 502, 519, 545, 567, 589, 608, 618, 642, 670, 690, 706, 731, 759, 786, 806, 824, 843, 861, 879]
[0, 1072, 1743, 2715, 3528, 4460, 5328, 6418, 7319, 8328, 9273, 10177, 11172, 12215, 13213, 14051, 15094, 15973]
Processing 23 ...
Processing participant 23, 17085,17085,18,19
[0, 12, 25, 36, 46, 66, 84, 104, 119, 139, 159, 174, 192, 212, 231, 248, 263, 282, 299, 319, 339, 356, 375, 395, 413, 433, 451, 471, 485, 503, 557, 572, 593, 619, 634, 656, 680, 710, 731, 761, 776, 798, 820, 838, 866, 885, 915, 935, 965, 983, 1011, 1032, 1059, 1084, 1112]
[0, 1072, 1743, 2715, 3528, 4460, 5328, 6418, 7319, 8328, 9273, 10177, 11172, 12215, 13213, 14051, 15094, 15973, 17085]
Processing 24 ...
Processing participant 24, 17976,17976,19,20
[0, 20, 30, 36, 42, 53, 65, 69, 84, 103, 114, 130, 147, 166, 186, 203, 221, 241, 259, 273, 293, 310, 330, 350, 367, 382, 388, 399, 407, 422, 448, 461, 477, 489, 497, 516, 534, 542, 549, 570, 593, 623, 647, 657, 664, 688, 710, 734, 756, 777, 797, 817, 842, 867, 891]
[0, 1072, 1743, 2715, 3528, 4460, 5328, 6418, 7319, 8328, 9273, 10177, 11172, 12215, 13213, 14051, 15094, 15973, 17085, 17976]
Processing 25 ...
Processing participant 25, 19014,19014,20,21
[0, 17, 34, 48, 60, 80, 100, 120, 138, 158, 175, 189, 209, 229, 242, 250, 263, 277, 289, 309, 323, 343, 359, 371, 384, 397, 413, 423, 443, 463, 501, 522, 552, 564, 580, 603, 630, 660, 682, 707, 719, 749, 775, 803, 825, 849, 871, 901, 921, 947, 965, 985, 999, 1029, 1038]
[0, 1072, 1743, 2715, 3528, 4460, 5328, 6418, 7319, 8328, 9273, 10177, 11172, 12215, 13213, 14051, 15094, 15973, 17085, 17976, 19014]
Processing 26 ...
Processing participant 26, 20076,20076,21,22
/mnt/nvme1/yihaoyuan/SpatialAbilityTest/eeg_generated_from_eye/torch_base/data/spatial_utils/data_read.py:182: SettingWithCopyWarning: 
A value is trying to be set on a copy of a slice from a DataFrame.
Try using .loc[row_indexer,col_indexer] = value instead

See the caveats in the documentation: https://pandas.pydata.org/pandas-docs/stable/user_guide/indexing.html#returning-a-view-versus-a-copy
  trial.loc[trial["Pupil diameter right"].isna(), "Pupil diameter right"] = trial[
[0, 9, 17, 26, 32, 52, 72, 89, 109, 125, 143, 163, 183, 196, 210, 230, 250, 262, 278, 298, 314, 332, 352, 372, 392, 412, 432, 451, 466, 486, 511, 533, 563, 593, 623, 634, 661, 683, 699, 724, 747, 768, 788, 808, 834, 854, 874, 886, 905, 935, 965, 993, 1023, 1031, 1062]
[0, 1072, 1743, 2715, 3528, 4460, 5328, 6418, 7319, 8328, 9273, 10177, 11172, 12215, 13213, 14051, 15094, 15973, 17085, 17976, 19014, 20076]
Processing 27 ...
Processing participant 27, 21076,21076,22,23
[0, 11, 22, 40, 50, 69, 89, 109, 121, 133, 143, 163, 174, 187, 205, 214, 234, 249, 267, 283, 295, 315, 335, 355, 369, 389, 396, 416, 432, 452, 501, 531, 544, 565, 583, 597, 611, 632, 653, 676, 695, 721, 733, 763, 792, 814, 834, 857, 880, 894, 911, 929, 954, 969, 1000]
[0, 1072, 1743, 2715, 3528, 4460, 5328, 6418, 7319, 8328, 9273, 10177, 11172, 12215, 13213, 14051, 15094, 15973, 17085, 17976, 19014, 20076, 21076]
Processing 28 ...
Processing participant 28, 21985,21985,23,24
[0, 20, 32, 46, 64, 80, 98, 118, 129, 140, 155, 171, 185, 200, 213, 227, 244, 255, 275, 289, 305, 320, 336, 354, 366, 383, 397, 413, 424, 444, 462, 484, 510, 528, 541, 565, 595, 602, 608, 631, 650, 667, 687, 700, 718, 732, 749, 764, 791, 811, 834, 855, 871, 891, 909]
[0, 1072, 1743, 2715, 3528, 4460, 5328, 6418, 7319, 8328, 9273, 10177, 11172, 12215, 13213, 14051, 15094, 15973, 17085, 17976, 19014, 20076, 21076, 21985]
Processing 29 ...
Processing participant 29, 22903,22903,24,25
[0, 8, 17, 27, 38, 51, 62, 71, 79, 89, 104, 117, 130, 148, 159, 179, 188, 206, 222, 237, 256, 275, 289, 307, 322, 337, 352, 372, 385, 403, 456, 473, 497, 513, 522, 552, 558, 578, 604, 629, 655, 675, 693, 718, 740, 759, 778, 794, 820, 832, 840, 861, 882, 904, 918]
[0, 1072, 1743, 2715, 3528, 4460, 5328, 6418, 7319, 8328, 9273, 10177, 11172, 12215, 13213, 14051, 15094, 15973, 17085, 17976, 19014, 20076, 21076, 21985, 22903]
Processing 30 ...
Processing participant 30, 24059,24059,25,26
[0, 12, 32, 49, 69, 83, 100, 116, 136, 156, 176, 186, 199, 219, 233, 253, 269, 281, 300, 320, 340, 355, 373, 393, 413, 433, 441, 461, 479, 499, 525, 536, 566, 593, 619, 645, 672, 702, 731, 761, 791, 820, 850, 879, 899, 929, 959, 984, 1003, 1030, 1049, 1074, 1104, 1127, 1156]
[0, 1072, 1743, 2715, 3528, 4460, 5328, 6418, 7319, 8328, 9273, 10177, 11172, 12215, 13213, 14051, 15094, 15973, 17085, 17976, 19014, 20076, 21076, 21985, 22903, 24059]
Processing 31 ...
Processing participant 31, 24963,24963,26,27
[0, 13, 33, 46, 59, 79, 92, 102, 117, 133, 153, 165, 180, 196, 216, 231, 243, 258, 273, 287, 302, 322, 341, 352, 364, 379, 395, 409, 427, 441, 473, 498, 510, 521, 535, 545, 560, 572, 581, 602, 620, 637, 662, 678, 700, 715, 729, 752, 762, 790, 806, 831, 851, 881, 904]
[0, 1072, 1743, 2715, 3528, 4460, 5328, 6418, 7319, 8328, 9273, 10177, 11172, 12215, 13213, 14051, 15094, 15973, 17085, 17976, 19014, 20076, 21076, 21985, 22903, 24059, 24963]
Processing 32 ...
Processing participant 32, 26029,26029,27,28
[0, 17, 35, 46, 66, 78, 96, 113, 124, 143, 156, 176, 188, 206, 226, 240, 246, 266, 281, 296, 315, 335, 341, 354, 358, 371, 391, 402, 420, 427, 447, 477, 491, 515, 545, 573, 601, 631, 657, 684, 713, 721, 743, 767, 795, 821, 851, 869, 894, 917, 947, 977, 1007, 1035, 1066]
[0, 1072, 1743, 2715, 3528, 4460, 5328, 6418, 7319, 8328, 9273, 10177, 11172, 12215, 13213, 14051, 15094, 15973, 17085, 17976, 19014, 20076, 21076, 21985, 22903, 24059, 24963, 26029]
Processing 34 ...
Processing participant 34, 26933,26933,28,29
[0, 11, 22, 39, 47, 67, 81, 93, 107, 121, 138, 151, 166, 177, 190, 209, 219, 233, 247, 265, 283, 303, 315, 326, 339, 354, 369, 384, 403, 415, 440, 461, 476, 489, 517, 530, 544, 569, 581, 603, 618, 648, 664, 680, 699, 717, 740, 752, 776, 800, 810, 839, 859, 879, 904]
[0, 1072, 1743, 2715, 3528, 4460, 5328, 6418, 7319, 8328, 9273, 10177, 11172, 12215, 13213, 14051, 15094, 15973, 17085, 17976, 19014, 20076, 21076, 21985, 22903, 24059, 24963, 26029, 26933]
Processing 35 ...
Processing participant 35, 27781,27781,29,30
[0, 11, 20, 31, 42, 60, 79, 99, 109, 126, 146, 157, 172, 182, 200, 216, 232, 241, 261, 275, 286, 303, 323, 336, 353, 372, 389, 409, 423, 435, 466, 480, 498, 515, 529, 543, 559, 566, 578, 598, 619, 637, 648, 657, 672, 690, 711, 724, 733, 750, 770, 785, 807, 831, 848]
[0, 1072, 1743, 2715, 3528, 4460, 5328, 6418, 7319, 8328, 9273, 10177, 11172, 12215, 13213, 14051, 15094, 15973, 17085, 17976, 19014, 20076, 21076, 21985, 22903, 24059, 24963, 26029, 26933, 27781]
(27781, 60, 4) (27781,) (29, 55) (30,)
[    0  1072  1743  2715  3528  4460  5328  6418  7319  8328  9273 10177
 11172 12215 13213 14051 15094 15973 17085 17976 19014 20076 21076 21985
 22903 24059 24963 26029 26933 27781]
数据保存成功, 保存路径为: /data/SpaticalTest/Spatial/total_data_1s_0, eye_track_1s_0.npy, eye_labels_1s_0.npy, eye_subject_index_1s_0.npy, eye_ex_index_1s_0.npy
