Finding 'sfreq' from header file: /data/SpaticalTest/SpaticalAbilityTest/old/subject01/eeg/000001.vhdr
Used Annotations descriptions: ['New Segment/', 'Stimulus/S  1', 'Stimulus/S  2', 'Stimulus/S  3', 'Stimulus/S  4', 'Stimulus/S  5', 'Stimulus/S  6']
Processing participant 1, 1051,1051,1051
Finding 'sfreq' from header file: /data/SpaticalTest/SpaticalAbilityTest/old/subject02/eeg/000002.vhdr
Used Annotations descriptions: ['New Segment/', 'Stimulus/S  1', 'Stimulus/S  2', 'Stimulus/S  3', 'Stimulus/S  4', 'Stimulus/S  5', 'Stimulus/S  6']
Processing participant 2, 1696,1696,1696
Finding 'sfreq' from header file: /data/SpaticalTest/SpaticalAbilityTest/old/subject03/eeg/000003.vhdr
Used Annotations descriptions: ['New Segment/', 'Stimulus/S  1', 'Stimulus/S  2', 'Stimulus/S  3', 'Stimulus/S  4', 'Stimulus/S  5', 'Stimulus/S  6']
Processing participant 3, 2648,2648,2648
Finding 'sfreq' from header file: /data/SpaticalTest/SpaticalAbilityTest/old/subject04/eeg/000004.vhdr
Used Annotations descriptions: ['New Segment/', 'Stimulus/S  1', 'Stimulus/S  2', 'Stimulus/S  3', 'Stimulus/S  4', 'Stimulus/S  5', 'Stimulus/S  6']
Processing participant 4, 3416,3416,3416
Finding 'sfreq' from header file: /data/SpaticalTest/SpaticalAbilityTest/old/subject05/eeg/000005.vhdr
Used Annotations descriptions: ['New Segment/', 'Stimulus/S  1', 'Stimulus/S  2', 'Stimulus/S  3', 'Stimulus/S  4', 'Stimulus/S  5', 'Stimulus/S  6']
Processing participant 5, 4314,4314,4314
Finding 'sfreq' from header file: /data/SpaticalTest/SpaticalAbilityTest/old/subject06/eeg/000006.vhdr
Used Annotations descriptions: ['New Segment/', 'Stimulus/S  1', 'Stimulus/S  2', 'Stimulus/S  3', 'Stimulus/S  4', 'Stimulus/S  5', 'Stimulus/S  6']
Processing participant 6, 5161,5161,5161
Finding 'sfreq' from header file: /data/SpaticalTest/SpaticalAbilityTest/old/subject07/eeg/000007.vhdr
Used Annotations descriptions: ['New Segment/', 'Stimulus/S  1', 'Stimulus/S  2', 'Stimulus/S  3', 'Stimulus/S  4', 'Stimulus/S  5', 'Stimulus/S  6']
Processing participant 7, 6222,6222,6222
Finding 'sfreq' from header file: /data/SpaticalTest/SpaticalAbilityTest/old/subject08/eeg/000008.vhdr
Used Annotations descriptions: ['New Segment/', 'Stimulus/S  1', 'Stimulus/S  2', 'Stimulus/S  3', 'Stimulus/S  4', 'Stimulus/S  5', 'Stimulus/S  6']
Processing participant 8, 7099,7099,7099
Finding 'sfreq' from header file: /data/SpaticalTest/SpaticalAbilityTest/old/subject10/eeg/000010.vhdr
Used Annotations descriptions: ['New Segment/', 'Stimulus/S  1', 'Stimulus/S  2', 'Stimulus/S  3', 'Stimulus/S  4', 'Stimulus/S  5', 'Stimulus/S  6']
Processing participant 10, 8064,8064,8064
Finding 'sfreq' from header file: /data/SpaticalTest/SpaticalAbilityTest/old/subject12/eeg/000012.vhdr
Used Annotations descriptions: ['New Segment/', 'Stimulus/S  1', 'Stimulus/S  2', 'Stimulus/S  3', 'Stimulus/S  4', 'Stimulus/S  5', 'Stimulus/S  6']
Processing participant 12, 8953,8953,8953
Finding 'sfreq' from header file: /data/SpaticalTest/SpaticalAbilityTest/old/subject13/eeg/000013.vhdr
Used Annotations descriptions: ['New Segment/', 'Stimulus/S  1', 'Stimulus/S  2', 'Stimulus/S  3', 'Stimulus/S  4', 'Stimulus/S  5', 'Stimulus/S  6']
Processing participant 13, 9833,9833,9833
Finding 'sfreq' from header file: /data/SpaticalTest/SpaticalAbilityTest/old/subject14/eeg/000014.vhdr
Used Annotations descriptions: ['New Segment/', 'Stimulus/S  1', 'Stimulus/S  2', 'Stimulus/S  3', 'Stimulus/S  4', 'Stimulus/S  5', 'Stimulus/S  6']
Processing participant 14, 10808,10808,10808
Finding 'sfreq' from header file: /data/SpaticalTest/SpaticalAbilityTest/old/subject15/eeg/000015.vhdr
Used Annotations descriptions: ['New Segment/', 'Stimulus/S  1', 'Stimulus/S  2', 'Stimulus/S  3', 'Stimulus/S  4', 'Stimulus/S  5', 'Stimulus/S  6']
Processing participant 15, 11898,11898,11898
Finding 'sfreq' from header file: /data/SpaticalTest/SpaticalAbilityTest/old/subject16/eeg/000016.vhdr
Used Annotations descriptions: ['New Segment/', 'Stimulus/S  1', 'Stimulus/S  2', 'Stimulus/S  3', 'Stimulus/S  4', 'Stimulus/S  5', 'Stimulus/S  6']
Processing participant 16, 12916,12916,12916
Finding 'sfreq' from header file: /data/SpaticalTest/SpaticalAbilityTest/old/subject17/eeg/000017.vhdr
Used Annotations descriptions: ['New Segment/', 'Stimulus/S  1', 'Stimulus/S  2', 'Stimulus/S  3', 'Stimulus/S  4', 'Stimulus/S  5', 'Stimulus/S  6']
Processing participant 17, 13886,13886,13886
Finding 'sfreq' from header file: /data/SpaticalTest/SpaticalAbilityTest/old/subject18/eeg/000018.vhdr
Used Annotations descriptions: ['New Segment/', 'Stimulus/S  1', 'Stimulus/S  2', 'Stimulus/S  3', 'Stimulus/S  4', 'Stimulus/S  5', 'Stimulus/S  6']
Processing participant 18, 14708,14708,14708
Finding 'sfreq' from header file: /data/SpaticalTest/SpaticalAbilityTest/202307/021/eeg/021.vhdr
Used Annotations descriptions: ['New Segment/', 'Stimulus/S  1', 'Stimulus/S  2', 'Stimulus/S  3', 'Stimulus/S  4', 'Stimulus/S  5', 'Stimulus/S  6']
Processing participant 21, 15717,15717,15717
Finding 'sfreq' from header file: /data/SpaticalTest/SpaticalAbilityTest/202307/022/eeg/022.vhdr
Used Annotations descriptions: ['New Segment/', 'Stimulus/S  1', 'Stimulus/S  2', 'Stimulus/S  3', 'Stimulus/S  4', 'Stimulus/S  5', 'Stimulus/S  6']
Processing participant 22, 16555,16555,16555
Finding 'sfreq' from header file: /data/SpaticalTest/SpaticalAbilityTest/202307/023/eeg/023.vhdr
Used Annotations descriptions: ['New Segment/', 'Stimulus/S  1', 'Stimulus/S  2', 'Stimulus/S  3', 'Stimulus/S  4', 'Stimulus/S  5', 'Stimulus/S  6']
Processing participant 23, 17620,17620,17620
Finding 'sfreq' from header file: /data/SpaticalTest/SpaticalAbilityTest/202307/024/eeg/024.vhdr
Used Annotations descriptions: ['New Segment/', 'Stimulus/S  1', 'Stimulus/S  2', 'Stimulus/S  3', 'Stimulus/S  4', 'Stimulus/S  5', 'Stimulus/S  6']
Processing participant 24, 18492,18492,18492
Finding 'sfreq' from header file: /data/SpaticalTest/SpaticalAbilityTest/202307/025/eeg/025.vhdr
Used Annotations descriptions: ['New Segment/', 'Stimulus/S  1', 'Stimulus/S  2', 'Stimulus/S  3', 'Stimulus/S  4', 'Stimulus/S  5', 'Stimulus/S  6']
Processing participant 25, 19497,19497,19497
Finding 'sfreq' from header file: /data/SpaticalTest/SpaticalAbilityTest/202307/026/eeg/026.vhdr
Used Annotations descriptions: ['New Segment/', 'Stimulus/S  1', 'Stimulus/S  2', 'Stimulus/S  3', 'Stimulus/S  4', 'Stimulus/S  5', 'Stimulus/S  6']
Processing participant 26, 20542,20542,20542
Finding 'sfreq' from header file: /data/SpaticalTest/SpaticalAbilityTest/202307/027/eeg/027.vhdr
Used Annotations descriptions: ['New Segment/', 'Stimulus/S  1', 'Stimulus/S  2', 'Stimulus/S  3', 'Stimulus/S  4', 'Stimulus/S  5', 'Stimulus/S  6']
Processing participant 27, 21501,21501,21501
Finding 'sfreq' from header file: /data/SpaticalTest/SpaticalAbilityTest/202307/028/eeg/028.vhdr
Used Annotations descriptions: ['New Segment/', 'Stimulus/S  1', 'Stimulus/S  2', 'Stimulus/S  3', 'Stimulus/S  4', 'Stimulus/S  5', 'Stimulus/S  6']
Processing participant 28, 22394,22394,22394
Finding 'sfreq' from header file: /data/SpaticalTest/SpaticalAbilityTest/202307/029/eeg/029.vhdr
Used Annotations descriptions: ['New Segment/', 'Stimulus/S  1', 'Stimulus/S  2', 'Stimulus/S  3', 'Stimulus/S  4', 'Stimulus/S  5', 'Stimulus/S  6']
Processing participant 29, 23268,23268,23268
Finding 'sfreq' from header file: /data/SpaticalTest/SpaticalAbilityTest/202307/030/eeg/030.vhdr
Used Annotations descriptions: ['New Segment/', 'Stimulus/S  1', 'Stimulus/S  2', 'Stimulus/S  3', 'Stimulus/S  4', 'Stimulus/S  5', 'Stimulus/S  6']
Processing participant 30, 24408,24408,24408
Finding 'sfreq' from header file: /data/SpaticalTest/SpaticalAbilityTest/202307/031/eeg/031.vhdr
Used Annotations descriptions: ['New Segment/', 'Stimulus/S  1', 'Stimulus/S  2', 'Stimulus/S  3', 'Stimulus/S  4', 'Stimulus/S  5', 'Stimulus/S  6']
Processing participant 31, 25287,25287,25287
Finding 'sfreq' from header file: /data/SpaticalTest/SpaticalAbilityTest/202307/032/eeg/032.vhdr
Used Annotations descriptions: ['New Segment/', 'Stimulus/S  1', 'Stimulus/S  2', 'Stimulus/S  3', 'Stimulus/S  4', 'Stimulus/S  5', 'Stimulus/S  6']
Processing participant 32, 26334,26334,26334
Finding 'sfreq' from header file: /data/SpaticalTest/SpaticalAbilityTest/202307/034/eeg/034.vhdr
Used Annotations descriptions: ['New Segment/', 'Stimulus/S  1', 'Stimulus/S  2', 'Stimulus/S  3', 'Stimulus/S  4', 'Stimulus/S  5', 'Stimulus/S  6']
Processing participant 34, 27209,27209,27209
Finding 'sfreq' from header file: /data/SpaticalTest/SpaticalAbilityTest/202307/035/eeg/035.vhdr
Used Annotations descriptions: ['New Segment/', 'Stimulus/S  1', 'Stimulus/S  2', 'Stimulus/S  3', 'Stimulus/S  4', 'Stimulus/S  5', 'Stimulus/S  6']
/home/yihaoyuan/miniconda3/envs/torch/lib/python3.8/site-packages/sklearn/decomposition/_fastica.py:123: ConvergenceWarning: FastICA did not converge. Consider increasing tolerance or the maximum number of iterations.
  warnings.warn(
Processing participant 35, 28033,28033,28033
(28033, 256, 31) (28033,) (28033, 5, 31) (31,)
[    0  1051  1696  2648  3416  4314  5161  6222  7099  8064  8953  9833
 10808 11898 12916 13886 14708 15717 16555 17620 18492 19497 20542 21501
 22394 23268 24408 25287 26334 27209 28033]
数据保存成功, 保存路径为: /data/SpaticalTest/SlideData, eeg_trials_1s_0.npy, labels_1s_0.npy, de_features_1s_0.npy, subject_indexs_1s_0.npy
