2024-04-06 20:02
Processing 1 ...
1 per_eye_data.shape: (1051, 60, 4)
1 per_eye_label.shape: (1051,)
1 eeg_data_len: [1051 1036 1016  999  983  971  951  931  916  899  885  874  854  843
  823  809  794  782  767  749  733  713  700  683  663  646  627  607
  587  571  559  540  520  497  470  453  423  399  375  350  322  300
  286  265  244  227  207  181  151  127  101   71   52   27    0]
Processing 2 ...
2 per_eye_data.shape: (645, 60, 4)
2 per_eye_label.shape: (645,)
2 eeg_data_len: [1696 1677 1671 1653 1646 1626 1620 1614 1607 1597 1589 1578 1564 1547
 1538 1528 1515 1496 1476 1466 1457 1445 1430 1412 1407 1398 1385 1376
 1364 1354 1336 1327 1304 1293 1283 1273 1264 1255 1247 1232 1217 1204
 1194 1186 1180 1168 1153 1140 1123 1113 1105 1091 1079 1067 1051]
Processing 3 ...
3 per_eye_data.shape: (952, 60, 4)
3 per_eye_label.shape: (952,)
3 eeg_data_len: [2648 2642 2632 2623 2616 2605 2588 2570 2552 2541 2525 2515 2500 2491
 2474 2460 2440 2420 2411 2398 2386 2367 2352 2337 2322 2305 2285 2277
 2264 2251 2240 2226 2213 2183 2166 2140 2115 2096 2066 2038 2017 1992
 1974 1944 1914 1898 1879 1859 1846 1825 1803 1776 1749 1724 1696]
Processing 4 ...
4 per_eye_data.shape: (768, 60, 4)
4 per_eye_label.shape: (768,)
4 eeg_data_len: [3416 3407 3392 3377 3361 3341 3326 3316 3304 3287 3270 3250 3236 3220
 3209 3197 3180 3165 3150 3137 3129 3123 3110 3093 3080 3067 3059 3047
 3042 3032 3013 3000 2982 2970 2963 2944 2926 2908 2893 2878 2865 2845
 2835 2816 2798 2778 2769 2764 2747 2737 2715 2701 2671 2662 2648]
Processing 5 ...
5 per_eye_data.shape: (898, 60, 4)
5 per_eye_label.shape: (898,)
5 eeg_data_len: [4314 4302 4287 4274 4256 4236 4224 4214 4194 4178 4170 4153 4140 4129
 4113 4101 4083 4067 4050 4034 4015 4003 3985 3965 3945 3927 3909 3890
 3870 3853 3833 3822 3808 3798 3788 3765 3742 3726 3714 3696 3666 3636
 3620 3613 3603 3583 3564 3553 3538 3515 3490 3468 3449 3437 3416]
Processing 6 ...
6 per_eye_data.shape: (847, 60, 4)
6 per_eye_label.shape: (847,)
6 eeg_data_len: [5161 5150 5137 5127 5119 5104 5088 5072 5052 5041 5031 5021 5009 5002
 4988 4980 4972 4962 4949 4933 4919 4899 4883 4869 4859 4849 4837 4822
 4808 4795 4785 4770 4747 4717 4697 4670 4650 4639 4619 4597 4574 4553
 4544 4523 4501 4483 4473 4454 4436 4426 4407 4377 4352 4334 4314]
Processing 7 ...
7 per_eye_data.shape: (1061, 60, 4)
7 per_eye_label.shape: (1061,)
7 eeg_data_len: [6222 6203 6188 6168 6156 6144 6124 6106 6091 6080 6064 6045 6025 6016
 5996 5985 5974 5960 5940 5924 5908 5892 5876 5856 5836 5825 5818 5805
 5796 5777 5761 5732 5708 5679 5649 5626 5600 5573 5543 5526 5508 5483
 5466 5436 5406 5377 5347 5330 5300 5276 5250 5229 5202 5180 5161]
Processing 8 ...
8 per_eye_data.shape: (877, 60, 4)
8 per_eye_label.shape: (877,)
8 eeg_data_len: [7099 7080 7066 7046 7028 7008 6994 6980 6967 6955 6947 6939 6932 6916
 6901 6884 6879 6871 6851 6843 6832 6818 6814 6807 6800 6794 6789 6778
 6770 6753 6734 6719 6694 6672 6649 6622 6602 6578 6548 6539 6521 6493
 6484 6461 6445 6416 6391 6376 6350 6321 6304 6282 6253 6235 6222]
Processing 10 ...
10 per_eye_data.shape: (965, 60, 4)
10 per_eye_label.shape: (965,)
10 eeg_data_len: [8064 8045 8035 8025 8014 7994 7974 7964 7956 7940 7923 7904 7894 7876
 7864 7844 7829 7809 7797 7785 7766 7753 7735 7719 7702 7682 7665 7649
 7634 7620 7603 7581 7560 7545 7531 7503 7479 7449 7427 7402 7382 7355
 7346 7335 7317 7297 7282 7261 7245 7215 7193 7166 7136 7106 7099]
Processing 12 ...
12 per_eye_data.shape: (889, 60, 4)
12 per_eye_label.shape: (889,)
12 eeg_data_len: [8953 8937 8927 8916 8898 8878 8867 8850 8831 8816 8805 8790 8778 8765
 8749 8736 8719 8707 8690 8673 8657 8640 8632 8616 8604 8584 8572 8557
 8541 8531 8511 8484 8459 8445 8428 8398 8377 8361 8345 8324 8307 8289
 8273 8253 8239 8222 8199 8174 8155 8136 8121 8107 8091 8072 8064]
Processing 13 ...
13 per_eye_data.shape: (880, 60, 4)
13 per_eye_label.shape: (880,)
13 eeg_data_len: [9833 9827 9820 9809 9802 9782 9768 9753 9737 9725 9711 9697 9686 9669
 9650 9637 9617 9599 9585 9570 9556 9542 9527 9510 9490 9480 9462 9444
 9426 9410 9395 9366 9347 9321 9291 9277 9262 9249 9231 9213 9185 9167
 9152 9134 9115 9101 9085 9072 9053 9039 9024 9005 8982 8963 8953]
Processing 14 ...
14 per_eye_data.shape: (975, 60, 4)
14 per_eye_label.shape: (975,)
14 eeg_data_len: [11898 11881 11868 11855 11840 11820 11805 11787 11767 11753 11735 11715
 11700 11681 11661 11642 11628 11609 11596 11576 11565 11554 11544 11524
 11507 11490 11470 11456 11439 11419 11406 11382 11352 11329 11304 11281
 11265 11251 11226 11207 11193 11163 11144 11128 11111 11086 11056 11042
 11021 11004 10984 10960 10945 10932 10923]
Processing 16 ...
16 per_eye_data.shape: (1090, 60, 4)
16 per_eye_label.shape: (1090,)
16 eeg_data_len: [12916 12897 12877 12860 12840 12822 12807 12787 12767 12747 12734 12714
 12699 12679 12659 12639 12623 12603 12590 12575 12557 12539 12522 12502
 12486 12466 12454 12443 12427 12413 12393 12368 12345 12315 12295 12278
 12258 12235 12219 12193 12174 12151 12136 12117 12087 12061 12032 12007
 11985 11957 11927 11907 11877 11853 11826]
Processing 17 ...
17 per_eye_data.shape: (1018, 60, 4)
17 per_eye_label.shape: (1018,)
17 eeg_data_len: [13886 13869 13857 13845 13825 13811 13793 13777 13757 13737 13723 13706
 13686 13674 13657 13642 13622 13603 13587 13573 13553 13534 13514 13494
 13481 13466 13451 13431 13414 13396 13376 13347 13324 13313 13302 13272
 13243 13226 13208 13178 13160 13130 13103 13089 13079 13053 13033 13021
 12991 12977 12961 12931 12911 12891 12868]
Processing 18 ...
18 per_eye_data.shape: (970, 60, 4)
18 per_eye_label.shape: (970,)
18 eeg_data_len: [14708 14696 14678 14669 14652 14632 14612 14594 14574 14557 14539 14519
 14501 14481 14466 14449 14430 14415 14396 14381 14361 14341 14326 14310
 14295 14278 14266 14246 14241 14221 14208 14179 14156 14136 14123 14101
 14086 14065 14046 14023 14012 14001 13988 13965 13945 13924 13903 13886
 13860 13844 13823 13793 13771 13751 13738]
Processing 21 ...
21 per_eye_data.shape: (822, 60, 4)
21 per_eye_label.shape: (822,)
21 eeg_data_len: [15717 15701 15692 15681 15666 15646 15634 15621 15606 15590 15570 15557
 15540 15521 15501 15487 15468 15453 15437 15417 15397 15379 15359 15348
 15337 15322 15303 15283 15266 15246 15227 15215 15199 15189 15178 15161
 15138 15124 15113 15099 15082 15072 15063 15045 15038 15026 15011 14996
 14980 14953 14942 14923 14909 14903 14895]
Processing 22 ...
22 per_eye_data.shape: (1009, 60, 4)
22 per_eye_label.shape: (1009,)
22 eeg_data_len: [16555 16549 16533 16526 16516 16496 16488 16470 16450 16430 16414 16400
 16380 16364 16353 16338 16320 16303 16289 16274 16257 16237 16220 16200
 16189 16169 16160 16150 16130 16114 16094 16075 16045 16026 16001 15988
 15958 15928 15898 15883 15862 15836 15810 15783 15759 15729 15699 15690
 15660 15640 15629 15611 15596 15566 15546]
Processing 23 ...
23 per_eye_data.shape: (838, 60, 4)
23 per_eye_label.shape: (838,)
23 eeg_data_len: [17620 17602 17590 17584 17577 17564 17556 17549 17537 17523 17511 17498
 17483 17463 17448 17435 17421 17408 17396 17379 17359 17349 17341 17332
 17322 17306 17294 17284 17275 17259 17244 17229 17215 17202 17185 17160
 17153 17136 17111 17089 17068 17049 17039 17016 16988 16968 16952 16927
 16899 16872 16852 16835 16816 16799 16782]
Processing 24 ...
24 per_eye_data.shape: (1065, 60, 4)
24 per_eye_label.shape: (1065,)
24 eeg_data_len: [18492 18481 18468 18457 18447 18427 18410 18390 18376 18356 18336 18322
 18304 18284 18266 18249 18234 18215 18198 18178 18158 18142 18123 18103
 18085 18065 18047 18027 18013 17995 17975 17961 17941 17915 17900 17878
 17854 17824 17803 17774 17759 17737 17715 17697 17669 17650 17620 17601
 17571 17553 17525 17504 17478 17454 17427]
Processing 25 ...
25 per_eye_data.shape: (872, 60, 4)
25 per_eye_label.shape: (872,)
25 eeg_data_len: [19497 19478 19468 19462 19456 19445 19434 19430 19415 19396 19385 19369
 19352 19333 19313 19296 19278 19258 19241 19227 19207 19190 19170 19150
 19133 19118 19113 19102 19094 19079 19064 19051 19035 19023 19016 18997
 18979 18971 18964 18943 18921 18891 18867 18858 18851 18827 18805 18781
 18759 18738 18718 18698 18673 18648 18625]
Processing 26 ...
/mnt/nvme1/yihaoyuan/SpatialAbilityTest/eeg_generated_from_eye/torch_base/data/spatial_utils/data_read.py:182: SettingWithCopyWarning: 
A value is trying to be set on a copy of a slice from a DataFrame.
Try using .loc[row_indexer,col_indexer] = value instead

See the caveats in the documentation: https://pandas.pydata.org/pandas-docs/stable/user_guide/indexing.html#returning-a-view-versus-a-copy
  trial.loc[trial["Pupil diameter right"].isna(), "Pupil diameter right"] = trial[
26 per_eye_data.shape: (1005, 60, 4)
26 per_eye_label.shape: (1005,)
26 eeg_data_len: [20542 20525 20508 20494 20482 20462 20442 20422 20405 20386 20369 20355
 20335 20315 20302 20294 20281 20267 20256 20236 20223 20203 20187 20175
 20163 20150 20134 20124 20104 20084 20065 20045 20016 20004 19988 19965
 19938 19909 19887 19863 19851 19821 19795 19767 19745 19722 19700 19670
 19650 19624 19607 19588 19575 19545 19537]
Processing 27 ...
27 per_eye_data.shape: (1045, 60, 4)
27 per_eye_label.shape: (1045,)
27 eeg_data_len: [21501 21492 21485 21477 21471 21451 21431 21414 21394 21378 21360 21340
 21320 21307 21294 21274 21254 21242 21226 21206 21190 21173 21153 21133
 21113 21093 21073 21054 21039 21019 21000 20978 20948 20918 20888 20877
 20851 20829 20813 20788 20766 20745 20725 20705 20680 20660 20640 20628
 20610 20581 20551 20523 20493 20485 20456]
Processing 28 ...
28 per_eye_data.shape: (959, 60, 4)
28 per_eye_label.shape: (959,)
28 eeg_data_len: [22394 22383 22372 22354 22344 22325 22305 22285 22274 22262 22252 22232
 22221 22208 22190 22182 22162 22147 22129 22113 22101 22081 22061 22041
 22027 22007 22000 21980 21965 21945 21928 21899 21886 21865 21847 21833
 21819 21798 21777 21755 21737 21711 21699 21669 21640 21618 21598 21576
 21553 21540 21523 21505 21480 21465 21435]
Processing 29 ...
29 per_eye_data.shape: (893, 60, 4)
29 per_eye_label.shape: (893,)
29 eeg_data_len: [23268 23249 23237 23223 23205 23190 23172 23152 23141 23130 23115 23100
 23087 23072 23059 23045 23028 23017 22997 22984 22969 22954 22938 22920
 22908 22891 22877 22861 22850 22830 22818 22796 22771 22753 22740 22716
 22686 22679 22674 22651 22632 22615 22595 22582 22564 22550 22533 22518
 22491 22471 22448 22427 22411 22391 22375]
Processing 30 ...
30 per_eye_data.shape: (874, 60, 4)
30 per_eye_label.shape: (874,)
30 eeg_data_len: [24408 24400 24391 24381 24370 24358 24348 24339 24331 24321 24306 24293
 24280 24262 24251 24231 24222 24204 24188 24173 24154 24136 24122 24105
 24090 24075 24060 24040 24027 24010 23992 23975 23952 23936 23927 23897
 23891 23871 23845 23820 23794 23774 23756 23731 23709 23690 23671 23655
 23629 23618 23610 23589 23568 23546 23534]
Processing 31 ...
31 per_eye_data.shape: (1140, 60, 4)
31 per_eye_label.shape: (1140,)
31 eeg_data_len: [25287 25276 25256 25239 25219 25205 25189 25173 25153 25133 25113 25103
 25090 25070 25056 25036 25020 25009 24990 24970 24950 24936 24918 24898
 24878 24858 24850 24830 24812 24792 24773 24762 24732 24705 24679 24653
 24626 24596 24568 24538 24508 24479 24449 24420 24401 24371 24341 24317
 24298 24272 24253 24228 24198 24175 24147]
Processing 32 ...
32 per_eye_data.shape: (879, 60, 4)
32 per_eye_label.shape: (879,)
32 eeg_data_len: [26334 26321 26301 26289 26277 26257 26245 26235 26220 26204 26184 26172
 26157 26141 26121 26107 26095 26080 26065 26051 26036 26016 25997 25986
 25974 25960 25944 25930 25912 25899 25880 25856 25844 25833 25819 25809
 25794 25782 25773 25752 25734 25717 25692 25676 25654 25639 25625 25603
 25593 25566 25551 25526 25506 25476 25455]
Processing 34 ...
34 per_eye_data.shape: (1047, 60, 4)
34 per_eye_label.shape: (1047,)
34 eeg_data_len: [27209 27192 27174 27163 27143 27131 27113 27096 27086 27067 27054 27034
 27022 27004 26984 26970 26965 26946 26931 26916 26897 26877 26871 26858
 26854 26841 26821 26811 26793 26786 26775 26746 26733 26709 26679 26651
 26623 26593 26567 26540 26511 26503 26481 26457 26430 26405 26375 26357
 26333 26310 26280 26250 26220 26192 26162]
Processing 35 ...
35 per_eye_data.shape: (875, 60, 4)
35 per_eye_label.shape: (875,)
35 eeg_data_len: [28033 28022 28011 27994 27986 27966 27953 27941 27927 27913 27897 27884
 27870 27859 27847 27828 27819 27805 27791 27773 27755 27735 27723 27712
 27700 27685 27670 27656 27637 27625 27611 27591 27576 27564 27536 27523
 27510 27486 27475 27453 27439 27409 27394 27378 27359 27341 27318 27306
 27283 27260 27250 27221 27202 27182 27158]
(27209, 60, 4)
(27209,)
Done!
